This file contains any messages produced by compilers while
running configure, to aid debugging if configure makes a mistake.

It was created by SHTns configure 2.6.5, which was
generated by GNU Autoconf 2.69.  Invocation command line was

  $ ./configure --prefix=/home/manmeet/Documents/gfstonc/lib --enable-python

## --------- ##
## Platform. ##
## --------- ##

hostname = manmeet
uname -m = x86_64
uname -r = 4.15.0-74-generic
uname -s = Linux
uname -v = #83~16.04.1-Ubuntu SMP Wed Dec 18 04:56:23 UTC 2019

/usr/bin/uname -p = unknown
/bin/uname -X     = unknown

/bin/arch              = unknown
/usr/bin/arch -k       = unknown
/usr/convex/getsysinfo = unknown
/usr/bin/hostinfo      = unknown
/bin/machine           = unknown
/usr/bin/oslevel       = unknown
/bin/universe          = unknown

PATH: /home/manmeet/anaconda3/envs/gfs27/bin
PATH: /home/manmeet/anaconda3/bin
PATH: /opt/intel/intelpython3/bin
PATH: /opt/intel/intelpython3/condabin
PATH: /opt/intel/advisor_2020.0.0.604394/bin64
PATH: /opt/intel/vtune_profiler_2020.0.0.605129/bin64
PATH: /opt/intel/inspector_2020.0.0.603904/bin64
PATH: /opt/intel/itac/2020.0.015/intel64/bin
PATH: /opt/intel/itac/2020.0.015/intel64/bin
PATH: /opt/intel/clck/2019.6/bin/intel64
PATH: /opt/intel/compilers_and_libraries_2020.0.166/linux/bin/intel64
PATH: /opt/intel/compilers_and_libraries_2020.0.166/linux/bin
PATH: /opt/intel/compilers_and_libraries_2020.0.166/linux/mpi/intel64/libfabric/bin
PATH: /opt/intel/compilers_and_libraries_2020.0.166/linux/mpi/intel64/bin
PATH: /opt/intel/debugger_2020/gdb/intel64/bin
PATH: /home/manmeet/google-cloud-sdk/bin
PATH: /home/manmeet/anaconda3/bin
PATH: /home/manmeet/bin
PATH: /home/manmeet/.local/bin
PATH: /usr/local/sbin
PATH: /usr/local/bin
PATH: /usr/sbin
PATH: /usr/bin
PATH: /sbin
PATH: /bin
PATH: /usr/games
PATH: /usr/local/games
PATH: /usr/local/ssl/bin
PATH: /snap/bin
PATH: /usr/local/cuda-10.1/bin
PATH: /opt/intel/compilers_and_libraries/linux/bin/intel64
PATH: /opt/intel/parallel_studio_xe_2020.0.088/bin


## ----------- ##
## Core tests. ##
## ----------- ##

configure:2322: checking for gcc
configure:2338: found /usr/bin/gcc
configure:2349: result: gcc
configure:2578: checking for C compiler version
configure:2587: gcc --version >&5
gcc (Ubuntu 5.4.0-6ubuntu1~16.04.12) 5.4.0 20160609
Copyright (C) 2015 Free Software Foundation, Inc.
This is free software; see the source for copying conditions.  There is NO
warranty; not even for MERCHANTABILITY or FITNESS FOR A PARTICULAR PURPOSE.

configure:2598: $? = 0
configure:2587: gcc -v >&5
Using built-in specs.
COLLECT_GCC=gcc
COLLECT_LTO_WRAPPER=/usr/lib/gcc/x86_64-linux-gnu/5/lto-wrapper
Target: x86_64-linux-gnu
Configured with: ../src/configure -v --with-pkgversion='Ubuntu 5.4.0-6ubuntu1~16.04.12' --with-bugurl=file:///usr/share/doc/gcc-5/README.Bugs --enable-languages=c,ada,c++,java,go,d,fortran,objc,obj-c++ --prefix=/usr --program-suffix=-5 --enable-shared --enable-linker-build-id --libexecdir=/usr/lib --without-included-gettext --enable-threads=posix --libdir=/usr/lib --enable-nls --with-sysroot=/ --enable-clocale=gnu --enable-libstdcxx-debug --enable-libstdcxx-time=yes --with-default-libstdcxx-abi=new --enable-gnu-unique-object --disable-vtable-verify --enable-libmpx --enable-plugin --with-system-zlib --disable-browser-plugin --enable-java-awt=gtk --enable-gtk-cairo --with-java-home=/usr/lib/jvm/java-1.5.0-gcj-5-amd64/jre --enable-java-home --with-jvm-root-dir=/usr/lib/jvm/java-1.5.0-gcj-5-amd64 --with-jvm-jar-dir=/usr/lib/jvm-exports/java-1.5.0-gcj-5-amd64 --with-arch-directory=amd64 --with-ecj-jar=/usr/share/java/eclipse-ecj.jar --enable-objc-gc --enable-multiarch --disable-werror --with-arch-32=i686 --with-abi=m64 --with-multilib-list=m32,m64,mx32 --enable-multilib --with-tune=generic --enable-checking=release --build=x86_64-linux-gnu --host=x86_64-linux-gnu --target=x86_64-linux-gnu
Thread model: posix
gcc version 5.4.0 20160609 (Ubuntu 5.4.0-6ubuntu1~16.04.12) 
configure:2598: $? = 0
configure:2587: gcc -V >&5
gcc: error: unrecognized command line option '-V'
gcc: fatal error: no input files
compilation terminated.
configure:2598: $? = 1
configure:2587: gcc -qversion >&5
gcc: error: unrecognized command line option '-qversion'
gcc: fatal error: no input files
compilation terminated.
configure:2598: $? = 1
configure:2618: checking whether the C compiler works
configure:2640: gcc -O2 -I/home/manmeet/Documents/gfstonc/lib/include -L/home/manmeet/Documents/gfstonc/lib/lib   conftest.c  >&5
configure:2644: $? = 0
configure:2692: result: yes
configure:2695: checking for C compiler default output file name
configure:2697: result: a.out
configure:2703: checking for suffix of executables
configure:2710: gcc -o conftest -O2 -I/home/manmeet/Documents/gfstonc/lib/include -L/home/manmeet/Documents/gfstonc/lib/lib   conftest.c  >&5
configure:2714: $? = 0
configure:2736: result: 
configure:2758: checking whether we are cross compiling
configure:2766: gcc -o conftest -O2 -I/home/manmeet/Documents/gfstonc/lib/include -L/home/manmeet/Documents/gfstonc/lib/lib   conftest.c  >&5
configure:2770: $? = 0
configure:2777: ./conftest
configure:2781: $? = 0
configure:2796: result: no
configure:2801: checking for suffix of object files
configure:2823: gcc -c -O2 -I/home/manmeet/Documents/gfstonc/lib/include -L/home/manmeet/Documents/gfstonc/lib/lib  conftest.c >&5
configure:2827: $? = 0
configure:2848: result: o
configure:2852: checking whether we are using the GNU C compiler
configure:2871: gcc -c -O2 -I/home/manmeet/Documents/gfstonc/lib/include -L/home/manmeet/Documents/gfstonc/lib/lib  conftest.c >&5
configure:2871: $? = 0
configure:2880: result: yes
configure:2889: checking whether gcc accepts -g
configure:2909: gcc -c -g  conftest.c >&5
configure:2909: $? = 0
configure:2950: result: yes
configure:2967: checking for gcc option to accept ISO C89
configure:3030: gcc  -c -O2 -I/home/manmeet/Documents/gfstonc/lib/include -L/home/manmeet/Documents/gfstonc/lib/lib  conftest.c >&5
configure:3030: $? = 0
configure:3043: result: none needed
configure:3063: checking for a sed that does not truncate output
configure:3127: result: /bin/sed
configure:3142: checking whether C compiler accepts -march=native
configure:3161: gcc -c -O2 -I/home/manmeet/Documents/gfstonc/lib/include -L/home/manmeet/Documents/gfstonc/lib/lib  -march=native  conftest.c >&5
configure:3161: $? = 0
configure:3169: result: yes
configure:3259: checking whether C compiler accepts -ffast-math
configure:3278: gcc -march=native -c -O2 -I/home/manmeet/Documents/gfstonc/lib/include -L/home/manmeet/Documents/gfstonc/lib/lib  -ffast-math  conftest.c >&5
configure:3278: $? = 0
configure:3286: result: yes
configure:3294: checking whether C compiler accepts -fomit-frame-pointer
configure:3313: gcc -march=native -c -O2 -I/home/manmeet/Documents/gfstonc/lib/include -L/home/manmeet/Documents/gfstonc/lib/lib -ffast-math  -fomit-frame-pointer  conftest.c >&5
configure:3313: $? = 0
configure:3321: result: yes
configure:3329: checking whether C compiler accepts -std=gnu99
configure:3348: gcc -march=native -c -O2 -I/home/manmeet/Documents/gfstonc/lib/include -L/home/manmeet/Documents/gfstonc/lib/lib -ffast-math -fomit-frame-pointer  -std=gnu99  conftest.c >&5
configure:3348: $? = 0
configure:3356: result: yes
configure:3371: checking how to run the C preprocessor
configure:3402: gcc -march=native -E  conftest.c
configure:3402: $? = 0
configure:3416: gcc -march=native -E  conftest.c
conftest.c:9:28: fatal error: ac_nonexistent.h: No such file or directory
compilation terminated.
configure:3416: $? = 1
configure: failed program was:
| /* confdefs.h */
| #define PACKAGE_NAME "SHTns"
| #define PACKAGE_TARNAME "shtns"
| #define PACKAGE_VERSION "2.6.5"
| #define PACKAGE_STRING "SHTns 2.6.5"
| #define PACKAGE_BUGREPORT ""
| #define PACKAGE_URL "https://bitbucket.org/nschaeff/shtns"
| /* end confdefs.h.  */
| #include <ac_nonexistent.h>
configure:3441: result: gcc -march=native -E
configure:3461: gcc -march=native -E  conftest.c
configure:3461: $? = 0
configure:3475: gcc -march=native -E  conftest.c
conftest.c:9:28: fatal error: ac_nonexistent.h: No such file or directory
compilation terminated.
configure:3475: $? = 1
configure: failed program was:
| /* confdefs.h */
| #define PACKAGE_NAME "SHTns"
| #define PACKAGE_TARNAME "shtns"
| #define PACKAGE_VERSION "2.6.5"
| #define PACKAGE_STRING "SHTns 2.6.5"
| #define PACKAGE_BUGREPORT ""
| #define PACKAGE_URL "https://bitbucket.org/nschaeff/shtns"
| /* end confdefs.h.  */
| #include <ac_nonexistent.h>
configure:3504: checking for grep that handles long lines and -e
configure:3562: result: /bin/grep
configure:3567: checking for egrep
configure:3629: result: /bin/grep -E
configure:3651: checking for ANSI C header files
configure:3671: gcc -march=native -c -O2 -I/home/manmeet/Documents/gfstonc/lib/include -L/home/manmeet/Documents/gfstonc/lib/lib -ffast-math -fomit-frame-pointer -std=gnu99  conftest.c >&5
configure:3671: $? = 0
configure:3744: gcc -march=native -o conftest -O2 -I/home/manmeet/Documents/gfstonc/lib/include -L/home/manmeet/Documents/gfstonc/lib/lib -ffast-math -fomit-frame-pointer -std=gnu99   conftest.c  >&5
configure:3744: $? = 0
configure:3744: ./conftest
configure:3744: $? = 0
configure:3755: result: yes
configure:3768: checking for sys/types.h
configure:3768: gcc -march=native -c -O2 -I/home/manmeet/Documents/gfstonc/lib/include -L/home/manmeet/Documents/gfstonc/lib/lib -ffast-math -fomit-frame-pointer -std=gnu99  conftest.c >&5
configure:3768: $? = 0
configure:3768: result: yes
configure:3768: checking for sys/stat.h
configure:3768: gcc -march=native -c -O2 -I/home/manmeet/Documents/gfstonc/lib/include -L/home/manmeet/Documents/gfstonc/lib/lib -ffast-math -fomit-frame-pointer -std=gnu99  conftest.c >&5
configure:3768: $? = 0
configure:3768: result: yes
configure:3768: checking for stdlib.h
configure:3768: gcc -march=native -c -O2 -I/home/manmeet/Documents/gfstonc/lib/include -L/home/manmeet/Documents/gfstonc/lib/lib -ffast-math -fomit-frame-pointer -std=gnu99  conftest.c >&5
configure:3768: $? = 0
configure:3768: result: yes
configure:3768: checking for string.h
configure:3768: gcc -march=native -c -O2 -I/home/manmeet/Documents/gfstonc/lib/include -L/home/manmeet/Documents/gfstonc/lib/lib -ffast-math -fomit-frame-pointer -std=gnu99  conftest.c >&5
configure:3768: $? = 0
configure:3768: result: yes
configure:3768: checking for memory.h
configure:3768: gcc -march=native -c -O2 -I/home/manmeet/Documents/gfstonc/lib/include -L/home/manmeet/Documents/gfstonc/lib/lib -ffast-math -fomit-frame-pointer -std=gnu99  conftest.c >&5
configure:3768: $? = 0
configure:3768: result: yes
configure:3768: checking for strings.h
configure:3768: gcc -march=native -c -O2 -I/home/manmeet/Documents/gfstonc/lib/include -L/home/manmeet/Documents/gfstonc/lib/lib -ffast-math -fomit-frame-pointer -std=gnu99  conftest.c >&5
configure:3768: $? = 0
configure:3768: result: yes
configure:3768: checking for inttypes.h
configure:3768: gcc -march=native -c -O2 -I/home/manmeet/Documents/gfstonc/lib/include -L/home/manmeet/Documents/gfstonc/lib/lib -ffast-math -fomit-frame-pointer -std=gnu99  conftest.c >&5
configure:3768: $? = 0
configure:3768: result: yes
configure:3768: checking for stdint.h
configure:3768: gcc -march=native -c -O2 -I/home/manmeet/Documents/gfstonc/lib/include -L/home/manmeet/Documents/gfstonc/lib/lib -ffast-math -fomit-frame-pointer -std=gnu99  conftest.c >&5
configure:3768: $? = 0
configure:3768: result: yes
configure:3768: checking for unistd.h
configure:3768: gcc -march=native -c -O2 -I/home/manmeet/Documents/gfstonc/lib/include -L/home/manmeet/Documents/gfstonc/lib/lib -ffast-math -fomit-frame-pointer -std=gnu99  conftest.c >&5
configure:3768: $? = 0
configure:3768: result: yes
configure:3783: checking for stdlib.h
configure:3783: result: yes
configure:3783: checking stdio.h usability
configure:3783: gcc -march=native -c -O2 -I/home/manmeet/Documents/gfstonc/lib/include -L/home/manmeet/Documents/gfstonc/lib/lib -ffast-math -fomit-frame-pointer -std=gnu99  conftest.c >&5
configure:3783: $? = 0
configure:3783: result: yes
configure:3783: checking stdio.h presence
configure:3783: gcc -march=native -E  conftest.c
configure:3783: $? = 0
configure:3783: result: yes
configure:3783: checking for stdio.h
configure:3783: result: yes
configure:3783: checking for string.h
configure:3783: result: yes
configure:3783: checking math.h usability
configure:3783: gcc -march=native -c -O2 -I/home/manmeet/Documents/gfstonc/lib/include -L/home/manmeet/Documents/gfstonc/lib/lib -ffast-math -fomit-frame-pointer -std=gnu99  conftest.c >&5
configure:3783: $? = 0
configure:3783: result: yes
configure:3783: checking math.h presence
configure:3783: gcc -march=native -E  conftest.c
configure:3783: $? = 0
configure:3783: result: yes
configure:3783: checking for math.h
configure:3783: result: yes
configure:3783: checking complex.h usability
configure:3783: gcc -march=native -c -O2 -I/home/manmeet/Documents/gfstonc/lib/include -L/home/manmeet/Documents/gfstonc/lib/lib -ffast-math -fomit-frame-pointer -std=gnu99  conftest.c >&5
configure:3783: $? = 0
configure:3783: result: yes
configure:3783: checking complex.h presence
configure:3783: gcc -march=native -E  conftest.c
configure:3783: $? = 0
configure:3783: result: yes
configure:3783: checking for complex.h
configure:3783: result: yes
configure:3795: checking for cos in -lm
configure:3820: gcc -march=native -o conftest -O2 -I/home/manmeet/Documents/gfstonc/lib/include -L/home/manmeet/Documents/gfstonc/lib/lib -ffast-math -fomit-frame-pointer -std=gnu99   conftest.c -lm   >&5
conftest.c:31:6: warning: conflicting types for built-in function 'cos'
 char cos ();
      ^
configure:3820: $? = 0
configure:3829: result: yes
configure:3843: checking for clock_gettime in -lrt
configure:3868: gcc -march=native -o conftest -O2 -I/home/manmeet/Documents/gfstonc/lib/include -L/home/manmeet/Documents/gfstonc/lib/lib -ffast-math -fomit-frame-pointer -std=gnu99   conftest.c -lrt  -lm  >&5
configure:3868: $? = 0
configure:3877: result: yes
configure:3918: checking for gcc -march=native option to support OpenMP
configure:3933: gcc -march=native -o conftest -O2 -I/home/manmeet/Documents/gfstonc/lib/include -L/home/manmeet/Documents/gfstonc/lib/lib -ffast-math -fomit-frame-pointer -std=gnu99   conftest.c -lrt -lm  >&5
conftest.c:28:2: error: unknown type name 'choke'
  choke me
  ^
In file included from conftest.c:30:0:
/usr/lib/gcc/x86_64-linux-gnu/5/include/omp.h:35:1: error: expected '=', ',', ';', 'asm' or '__attribute__' before 'typedef'
 typedef struct
 ^
configure:3933: $? = 1
configure: failed program was:
| /* confdefs.h */
| #define PACKAGE_NAME "SHTns"
| #define PACKAGE_TARNAME "shtns"
| #define PACKAGE_VERSION "2.6.5"
| #define PACKAGE_STRING "SHTns 2.6.5"
| #define PACKAGE_BUGREPORT ""
| #define PACKAGE_URL "https://bitbucket.org/nschaeff/shtns"
| #define STDC_HEADERS 1
| #define HAVE_SYS_TYPES_H 1
| #define HAVE_SYS_STAT_H 1
| #define HAVE_STDLIB_H 1
| #define HAVE_STRING_H 1
| #define HAVE_MEMORY_H 1
| #define HAVE_STRINGS_H 1
| #define HAVE_INTTYPES_H 1
| #define HAVE_STDINT_H 1
| #define HAVE_UNISTD_H 1
| #define HAVE_STDLIB_H 1
| #define HAVE_STDIO_H 1
| #define HAVE_STRING_H 1
| #define HAVE_MATH_H 1
| #define HAVE_COMPLEX_H 1
| #define HAVE_LIBM 1
| #define HAVE_LIBRT 1
| /* end confdefs.h.  */
| 
| #ifndef _OPENMP
|  choke me
| #endif
| #include <omp.h>
| int main () { return omp_get_num_threads (); }
| 
configure:3951: gcc -march=native -o conftest -O2 -I/home/manmeet/Documents/gfstonc/lib/include -L/home/manmeet/Documents/gfstonc/lib/lib -ffast-math -fomit-frame-pointer -std=gnu99 -fopenmp   conftest.c -lrt -lm  >&5
configure:3951: $? = 0
configure:3965: result: -fopenmp
configure:4110: checking for fftw_plan_many_dft in -lfftw3
configure:4135: gcc -march=native -o conftest -O2 -I/home/manmeet/Documents/gfstonc/lib/include -L/home/manmeet/Documents/gfstonc/lib/lib -ffast-math -fomit-frame-pointer -std=gnu99 -fopenmp   conftest.c -lfftw3  -lrt -lm  >&5
configure:4135: $? = 0
configure:4144: result: yes
configure:4159: checking for fftw_init_threads in -lfftw3_omp
configure:4184: gcc -march=native -o conftest -O2 -I/home/manmeet/Documents/gfstonc/lib/include -L/home/manmeet/Documents/gfstonc/lib/lib -ffast-math -fomit-frame-pointer -std=gnu99 -fopenmp   conftest.c -lfftw3_omp  -lfftw3 -lrt -lm  >&5
configure:4184: $? = 0
configure:4193: result: yes
configure:4218: checking for python with numpy package
configure:4244: result: python
configure:4368: checking for size_t
configure:4368: gcc -march=native -c -O2 -I/home/manmeet/Documents/gfstonc/lib/include -L/home/manmeet/Documents/gfstonc/lib/lib -ffast-math -fomit-frame-pointer -std=gnu99 -fopenmp -fPIC  conftest.c >&5
configure:4368: $? = 0
configure:4368: gcc -march=native -c -O2 -I/home/manmeet/Documents/gfstonc/lib/include -L/home/manmeet/Documents/gfstonc/lib/lib -ffast-math -fomit-frame-pointer -std=gnu99 -fopenmp -fPIC  conftest.c >&5
conftest.c: In function 'main':
conftest.c:69:21: error: expected expression before ')' token
 if (sizeof ((size_t)))
                     ^
configure:4368: $? = 1
configure: failed program was:
| /* confdefs.h */
| #define PACKAGE_NAME "SHTns"
| #define PACKAGE_TARNAME "shtns"
| #define PACKAGE_VERSION "2.6.5"
| #define PACKAGE_STRING "SHTns 2.6.5"
| #define PACKAGE_BUGREPORT ""
| #define PACKAGE_URL "https://bitbucket.org/nschaeff/shtns"
| #define STDC_HEADERS 1
| #define HAVE_SYS_TYPES_H 1
| #define HAVE_SYS_STAT_H 1
| #define HAVE_STDLIB_H 1
| #define HAVE_STRING_H 1
| #define HAVE_MEMORY_H 1
| #define HAVE_STRINGS_H 1
| #define HAVE_INTTYPES_H 1
| #define HAVE_STDINT_H 1
| #define HAVE_UNISTD_H 1
| #define HAVE_STDLIB_H 1
| #define HAVE_STDIO_H 1
| #define HAVE_STRING_H 1
| #define HAVE_MATH_H 1
| #define HAVE_COMPLEX_H 1
| #define HAVE_LIBM 1
| #define HAVE_LIBRT 1
| #define HAVE_LIBFFTW3 1
| #define HAVE_LIBFFTW3_OMP 1
| #define SHT_F77_API 1
| #define _GCC_VEC_ 1
| #define SHTNS_MEM 1
| #define SHTNS_DCT 1
| #define SHT_VERBOSE 1
| /* end confdefs.h.  */
| #include <stdio.h>
| #ifdef HAVE_SYS_TYPES_H
| # include <sys/types.h>
| #endif
| #ifdef HAVE_SYS_STAT_H
| # include <sys/stat.h>
| #endif
| #ifdef STDC_HEADERS
| # include <stdlib.h>
| # include <stddef.h>
| #else
| # ifdef HAVE_STDLIB_H
| #  include <stdlib.h>
| # endif
| #endif
| #ifdef HAVE_STRING_H
| # if !defined STDC_HEADERS && defined HAVE_MEMORY_H
| #  include <memory.h>
| # endif
| # include <string.h>
| #endif
| #ifdef HAVE_STRINGS_H
| # include <strings.h>
| #endif
| #ifdef HAVE_INTTYPES_H
| # include <inttypes.h>
| #endif
| #ifdef HAVE_STDINT_H
| # include <stdint.h>
| #endif
| #ifdef HAVE_UNISTD_H
| # include <unistd.h>
| #endif
| int
| main ()
| {
| if (sizeof ((size_t)))
| 	    return 0;
|   ;
|   return 0;
| }
configure:4368: result: yes
configure:4385: checking for fftw_cost
configure:4385: gcc -march=native -o conftest -O2 -I/home/manmeet/Documents/gfstonc/lib/include -L/home/manmeet/Documents/gfstonc/lib/lib -ffast-math -fomit-frame-pointer -std=gnu99 -fopenmp -fPIC   conftest.c -lfftw3_omp -lfftw3 -lrt -lm  >&5
configure:4385: $? = 0
configure:4385: result: yes
configure:4396: checking for inline
configure:4412: gcc -march=native -c -O2 -I/home/manmeet/Documents/gfstonc/lib/include -L/home/manmeet/Documents/gfstonc/lib/lib -ffast-math -fomit-frame-pointer -std=gnu99 -fopenmp -fPIC  conftest.c >&5
configure:4412: $? = 0
configure:4420: result: inline
configure:4438: checking whether time.h and sys/time.h may both be included
configure:4458: gcc -march=native -c -O2 -I/home/manmeet/Documents/gfstonc/lib/include -L/home/manmeet/Documents/gfstonc/lib/lib -ffast-math -fomit-frame-pointer -std=gnu99 -fopenmp -fPIC  conftest.c >&5
configure:4458: $? = 0
configure:4465: result: yes
configure:4476: checking sys/time.h usability
configure:4476: gcc -march=native -c -O2 -I/home/manmeet/Documents/gfstonc/lib/include -L/home/manmeet/Documents/gfstonc/lib/lib -ffast-math -fomit-frame-pointer -std=gnu99 -fopenmp -fPIC  conftest.c >&5
configure:4476: $? = 0
configure:4476: result: yes
configure:4476: checking sys/time.h presence
configure:4476: gcc -march=native -E  conftest.c
configure:4476: $? = 0
configure:4476: result: yes
configure:4476: checking for sys/time.h
configure:4476: result: yes
configure:4476: checking c_asm.h usability
configure:4476: gcc -march=native -c -O2 -I/home/manmeet/Documents/gfstonc/lib/include -L/home/manmeet/Documents/gfstonc/lib/lib -ffast-math -fomit-frame-pointer -std=gnu99 -fopenmp -fPIC  conftest.c >&5
conftest.c:69:19: fatal error: c_asm.h: No such file or directory
compilation terminated.
configure:4476: $? = 1
configure: failed program was:
| /* confdefs.h */
| #define PACKAGE_NAME "SHTns"
| #define PACKAGE_TARNAME "shtns"
| #define PACKAGE_VERSION "2.6.5"
| #define PACKAGE_STRING "SHTns 2.6.5"
| #define PACKAGE_BUGREPORT ""
| #define PACKAGE_URL "https://bitbucket.org/nschaeff/shtns"
| #define STDC_HEADERS 1
| #define HAVE_SYS_TYPES_H 1
| #define HAVE_SYS_STAT_H 1
| #define HAVE_STDLIB_H 1
| #define HAVE_STRING_H 1
| #define HAVE_MEMORY_H 1
| #define HAVE_STRINGS_H 1
| #define HAVE_INTTYPES_H 1
| #define HAVE_STDINT_H 1
| #define HAVE_UNISTD_H 1
| #define HAVE_STDLIB_H 1
| #define HAVE_STDIO_H 1
| #define HAVE_STRING_H 1
| #define HAVE_MATH_H 1
| #define HAVE_COMPLEX_H 1
| #define HAVE_LIBM 1
| #define HAVE_LIBRT 1
| #define HAVE_LIBFFTW3 1
| #define HAVE_LIBFFTW3_OMP 1
| #define SHT_F77_API 1
| #define _GCC_VEC_ 1
| #define SHTNS_MEM 1
| #define SHTNS_DCT 1
| #define SHT_VERBOSE 1
| #define HAVE_FFTW_COST 1
| #define TIME_WITH_SYS_TIME 1
| #define HAVE_SYS_TIME_H 1
| /* end confdefs.h.  */
| #include <stdio.h>
| #ifdef HAVE_SYS_TYPES_H
| # include <sys/types.h>
| #endif
| #ifdef HAVE_SYS_STAT_H
| # include <sys/stat.h>
| #endif
| #ifdef STDC_HEADERS
| # include <stdlib.h>
| # include <stddef.h>
| #else
| # ifdef HAVE_STDLIB_H
| #  include <stdlib.h>
| # endif
| #endif
| #ifdef HAVE_STRING_H
| # if !defined STDC_HEADERS && defined HAVE_MEMORY_H
| #  include <memory.h>
| # endif
| # include <string.h>
| #endif
| #ifdef HAVE_STRINGS_H
| # include <strings.h>
| #endif
| #ifdef HAVE_INTTYPES_H
| # include <inttypes.h>
| #endif
| #ifdef HAVE_STDINT_H
| # include <stdint.h>
| #endif
| #ifdef HAVE_UNISTD_H
| # include <unistd.h>
| #endif
| #include <c_asm.h>
configure:4476: result: no
configure:4476: checking c_asm.h presence
configure:4476: gcc -march=native -E  conftest.c
conftest.c:36:19: fatal error: c_asm.h: No such file or directory
compilation terminated.
configure:4476: $? = 1
configure: failed program was:
| /* confdefs.h */
| #define PACKAGE_NAME "SHTns"
| #define PACKAGE_TARNAME "shtns"
| #define PACKAGE_VERSION "2.6.5"
| #define PACKAGE_STRING "SHTns 2.6.5"
| #define PACKAGE_BUGREPORT ""
| #define PACKAGE_URL "https://bitbucket.org/nschaeff/shtns"
| #define STDC_HEADERS 1
| #define HAVE_SYS_TYPES_H 1
| #define HAVE_SYS_STAT_H 1
| #define HAVE_STDLIB_H 1
| #define HAVE_STRING_H 1
| #define HAVE_MEMORY_H 1
| #define HAVE_STRINGS_H 1
| #define HAVE_INTTYPES_H 1
| #define HAVE_STDINT_H 1
| #define HAVE_UNISTD_H 1
| #define HAVE_STDLIB_H 1
| #define HAVE_STDIO_H 1
| #define HAVE_STRING_H 1
| #define HAVE_MATH_H 1
| #define HAVE_COMPLEX_H 1
| #define HAVE_LIBM 1
| #define HAVE_LIBRT 1
| #define HAVE_LIBFFTW3 1
| #define HAVE_LIBFFTW3_OMP 1
| #define SHT_F77_API 1
| #define _GCC_VEC_ 1
| #define SHTNS_MEM 1
| #define SHTNS_DCT 1
| #define SHT_VERBOSE 1
| #define HAVE_FFTW_COST 1
| #define TIME_WITH_SYS_TIME 1
| #define HAVE_SYS_TIME_H 1
| /* end confdefs.h.  */
| #include <c_asm.h>
configure:4476: result: no
configure:4476: checking for c_asm.h
configure:4476: result: no
configure:4476: checking intrinsics.h usability
configure:4476: gcc -march=native -c -O2 -I/home/manmeet/Documents/gfstonc/lib/include -L/home/manmeet/Documents/gfstonc/lib/lib -ffast-math -fomit-frame-pointer -std=gnu99 -fopenmp -fPIC  conftest.c >&5
conftest.c:69:24: fatal error: intrinsics.h: No such file or directory
compilation terminated.
configure:4476: $? = 1
configure: failed program was:
| /* confdefs.h */
| #define PACKAGE_NAME "SHTns"
| #define PACKAGE_TARNAME "shtns"
| #define PACKAGE_VERSION "2.6.5"
| #define PACKAGE_STRING "SHTns 2.6.5"
| #define PACKAGE_BUGREPORT ""
| #define PACKAGE_URL "https://bitbucket.org/nschaeff/shtns"
| #define STDC_HEADERS 1
| #define HAVE_SYS_TYPES_H 1
| #define HAVE_SYS_STAT_H 1
| #define HAVE_STDLIB_H 1
| #define HAVE_STRING_H 1
| #define HAVE_MEMORY_H 1
| #define HAVE_STRINGS_H 1
| #define HAVE_INTTYPES_H 1
| #define HAVE_STDINT_H 1
| #define HAVE_UNISTD_H 1
| #define HAVE_STDLIB_H 1
| #define HAVE_STDIO_H 1
| #define HAVE_STRING_H 1
| #define HAVE_MATH_H 1
| #define HAVE_COMPLEX_H 1
| #define HAVE_LIBM 1
| #define HAVE_LIBRT 1
| #define HAVE_LIBFFTW3 1
| #define HAVE_LIBFFTW3_OMP 1
| #define SHT_F77_API 1
| #define _GCC_VEC_ 1
| #define SHTNS_MEM 1
| #define SHTNS_DCT 1
| #define SHT_VERBOSE 1
| #define HAVE_FFTW_COST 1
| #define TIME_WITH_SYS_TIME 1
| #define HAVE_SYS_TIME_H 1
| /* end confdefs.h.  */
| #include <stdio.h>
| #ifdef HAVE_SYS_TYPES_H
| # include <sys/types.h>
| #endif
| #ifdef HAVE_SYS_STAT_H
| # include <sys/stat.h>
| #endif
| #ifdef STDC_HEADERS
| # include <stdlib.h>
| # include <stddef.h>
| #else
| # ifdef HAVE_STDLIB_H
| #  include <stdlib.h>
| # endif
| #endif
| #ifdef HAVE_STRING_H
| # if !defined STDC_HEADERS && defined HAVE_MEMORY_H
| #  include <memory.h>
| # endif
| # include <string.h>
| #endif
| #ifdef HAVE_STRINGS_H
| # include <strings.h>
| #endif
| #ifdef HAVE_INTTYPES_H
| # include <inttypes.h>
| #endif
| #ifdef HAVE_STDINT_H
| # include <stdint.h>
| #endif
| #ifdef HAVE_UNISTD_H
| # include <unistd.h>
| #endif
| #include <intrinsics.h>
configure:4476: result: no
configure:4476: checking intrinsics.h presence
configure:4476: gcc -march=native -E  conftest.c
conftest.c:36:24: fatal error: intrinsics.h: No such file or directory
compilation terminated.
configure:4476: $? = 1
configure: failed program was:
| /* confdefs.h */
| #define PACKAGE_NAME "SHTns"
| #define PACKAGE_TARNAME "shtns"
| #define PACKAGE_VERSION "2.6.5"
| #define PACKAGE_STRING "SHTns 2.6.5"
| #define PACKAGE_BUGREPORT ""
| #define PACKAGE_URL "https://bitbucket.org/nschaeff/shtns"
| #define STDC_HEADERS 1
| #define HAVE_SYS_TYPES_H 1
| #define HAVE_SYS_STAT_H 1
| #define HAVE_STDLIB_H 1
| #define HAVE_STRING_H 1
| #define HAVE_MEMORY_H 1
| #define HAVE_STRINGS_H 1
| #define HAVE_INTTYPES_H 1
| #define HAVE_STDINT_H 1
| #define HAVE_UNISTD_H 1
| #define HAVE_STDLIB_H 1
| #define HAVE_STDIO_H 1
| #define HAVE_STRING_H 1
| #define HAVE_MATH_H 1
| #define HAVE_COMPLEX_H 1
| #define HAVE_LIBM 1
| #define HAVE_LIBRT 1
| #define HAVE_LIBFFTW3 1
| #define HAVE_LIBFFTW3_OMP 1
| #define SHT_F77_API 1
| #define _GCC_VEC_ 1
| #define SHTNS_MEM 1
| #define SHTNS_DCT 1
| #define SHT_VERBOSE 1
| #define HAVE_FFTW_COST 1
| #define TIME_WITH_SYS_TIME 1
| #define HAVE_SYS_TIME_H 1
| /* end confdefs.h.  */
| #include <intrinsics.h>
configure:4476: result: no
configure:4476: checking for intrinsics.h
configure:4476: result: no
configure:4476: checking mach/mach_time.h usability
configure:4476: gcc -march=native -c -O2 -I/home/manmeet/Documents/gfstonc/lib/include -L/home/manmeet/Documents/gfstonc/lib/lib -ffast-math -fomit-frame-pointer -std=gnu99 -fopenmp -fPIC  conftest.c >&5
conftest.c:69:28: fatal error: mach/mach_time.h: No such file or directory
compilation terminated.
configure:4476: $? = 1
configure: failed program was:
| /* confdefs.h */
| #define PACKAGE_NAME "SHTns"
| #define PACKAGE_TARNAME "shtns"
| #define PACKAGE_VERSION "2.6.5"
| #define PACKAGE_STRING "SHTns 2.6.5"
| #define PACKAGE_BUGREPORT ""
| #define PACKAGE_URL "https://bitbucket.org/nschaeff/shtns"
| #define STDC_HEADERS 1
| #define HAVE_SYS_TYPES_H 1
| #define HAVE_SYS_STAT_H 1
| #define HAVE_STDLIB_H 1
| #define HAVE_STRING_H 1
| #define HAVE_MEMORY_H 1
| #define HAVE_STRINGS_H 1
| #define HAVE_INTTYPES_H 1
| #define HAVE_STDINT_H 1
| #define HAVE_UNISTD_H 1
| #define HAVE_STDLIB_H 1
| #define HAVE_STDIO_H 1
| #define HAVE_STRING_H 1
| #define HAVE_MATH_H 1
| #define HAVE_COMPLEX_H 1
| #define HAVE_LIBM 1
| #define HAVE_LIBRT 1
| #define HAVE_LIBFFTW3 1
| #define HAVE_LIBFFTW3_OMP 1
| #define SHT_F77_API 1
| #define _GCC_VEC_ 1
| #define SHTNS_MEM 1
| #define SHTNS_DCT 1
| #define SHT_VERBOSE 1
| #define HAVE_FFTW_COST 1
| #define TIME_WITH_SYS_TIME 1
| #define HAVE_SYS_TIME_H 1
| /* end confdefs.h.  */
| #include <stdio.h>
| #ifdef HAVE_SYS_TYPES_H
| # include <sys/types.h>
| #endif
| #ifdef HAVE_SYS_STAT_H
| # include <sys/stat.h>
| #endif
| #ifdef STDC_HEADERS
| # include <stdlib.h>
| # include <stddef.h>
| #else
| # ifdef HAVE_STDLIB_H
| #  include <stdlib.h>
| # endif
| #endif
| #ifdef HAVE_STRING_H
| # if !defined STDC_HEADERS && defined HAVE_MEMORY_H
| #  include <memory.h>
| # endif
| # include <string.h>
| #endif
| #ifdef HAVE_STRINGS_H
| # include <strings.h>
| #endif
| #ifdef HAVE_INTTYPES_H
| # include <inttypes.h>
| #endif
| #ifdef HAVE_STDINT_H
| # include <stdint.h>
| #endif
| #ifdef HAVE_UNISTD_H
| # include <unistd.h>
| #endif
| #include <mach/mach_time.h>
configure:4476: result: no
configure:4476: checking mach/mach_time.h presence
configure:4476: gcc -march=native -E  conftest.c
conftest.c:36:28: fatal error: mach/mach_time.h: No such file or directory
compilation terminated.
configure:4476: $? = 1
configure: failed program was:
| /* confdefs.h */
| #define PACKAGE_NAME "SHTns"
| #define PACKAGE_TARNAME "shtns"
| #define PACKAGE_VERSION "2.6.5"
| #define PACKAGE_STRING "SHTns 2.6.5"
| #define PACKAGE_BUGREPORT ""
| #define PACKAGE_URL "https://bitbucket.org/nschaeff/shtns"
| #define STDC_HEADERS 1
| #define HAVE_SYS_TYPES_H 1
| #define HAVE_SYS_STAT_H 1
| #define HAVE_STDLIB_H 1
| #define HAVE_STRING_H 1
| #define HAVE_MEMORY_H 1
| #define HAVE_STRINGS_H 1
| #define HAVE_INTTYPES_H 1
| #define HAVE_STDINT_H 1
| #define HAVE_UNISTD_H 1
| #define HAVE_STDLIB_H 1
| #define HAVE_STDIO_H 1
| #define HAVE_STRING_H 1
| #define HAVE_MATH_H 1
| #define HAVE_COMPLEX_H 1
| #define HAVE_LIBM 1
| #define HAVE_LIBRT 1
| #define HAVE_LIBFFTW3 1
| #define HAVE_LIBFFTW3_OMP 1
| #define SHT_F77_API 1
| #define _GCC_VEC_ 1
| #define SHTNS_MEM 1
| #define SHTNS_DCT 1
| #define SHT_VERBOSE 1
| #define HAVE_FFTW_COST 1
| #define TIME_WITH_SYS_TIME 1
| #define HAVE_SYS_TIME_H 1
| /* end confdefs.h.  */
| #include <mach/mach_time.h>
configure:4476: result: no
configure:4476: checking for mach/mach_time.h
configure:4476: result: no
configure:4487: checking for hrtime_t
configure:4487: gcc -march=native -c -O2 -I/home/manmeet/Documents/gfstonc/lib/include -L/home/manmeet/Documents/gfstonc/lib/lib -ffast-math -fomit-frame-pointer -std=gnu99 -fopenmp -fPIC  conftest.c >&5
conftest.c: In function 'main':
conftest.c:43:13: error: 'hrtime_t' undeclared (first use in this function)
 if (sizeof (hrtime_t))
             ^
conftest.c:43:13: note: each undeclared identifier is reported only once for each function it appears in
configure:4487: $? = 1
configure: failed program was:
| /* confdefs.h */
| #define PACKAGE_NAME "SHTns"
| #define PACKAGE_TARNAME "shtns"
| #define PACKAGE_VERSION "2.6.5"
| #define PACKAGE_STRING "SHTns 2.6.5"
| #define PACKAGE_BUGREPORT ""
| #define PACKAGE_URL "https://bitbucket.org/nschaeff/shtns"
| #define STDC_HEADERS 1
| #define HAVE_SYS_TYPES_H 1
| #define HAVE_SYS_STAT_H 1
| #define HAVE_STDLIB_H 1
| #define HAVE_STRING_H 1
| #define HAVE_MEMORY_H 1
| #define HAVE_STRINGS_H 1
| #define HAVE_INTTYPES_H 1
| #define HAVE_STDINT_H 1
| #define HAVE_UNISTD_H 1
| #define HAVE_STDLIB_H 1
| #define HAVE_STDIO_H 1
| #define HAVE_STRING_H 1
| #define HAVE_MATH_H 1
| #define HAVE_COMPLEX_H 1
| #define HAVE_LIBM 1
| #define HAVE_LIBRT 1
| #define HAVE_LIBFFTW3 1
| #define HAVE_LIBFFTW3_OMP 1
| #define SHT_F77_API 1
| #define _GCC_VEC_ 1
| #define SHTNS_MEM 1
| #define SHTNS_DCT 1
| #define SHT_VERBOSE 1
| #define HAVE_FFTW_COST 1
| #define TIME_WITH_SYS_TIME 1
| #define HAVE_SYS_TIME_H 1
| /* end confdefs.h.  */
| #if HAVE_SYS_TIME_H
| #include <sys/time.h>
| #endif
| 
| int
| main ()
| {
| if (sizeof (hrtime_t))
| 	 return 0;
|   ;
|   return 0;
| }
configure:4487: result: no
configure:4501: checking for gethrtime
configure:4501: gcc -march=native -o conftest -O2 -I/home/manmeet/Documents/gfstonc/lib/include -L/home/manmeet/Documents/gfstonc/lib/lib -ffast-math -fomit-frame-pointer -std=gnu99 -fopenmp -fPIC   conftest.c -lfftw3_omp -lfftw3 -lrt -lm  >&5
/tmp/ccdROXcU.o: In function `main':
conftest.c:(.text.startup+0x7): undefined reference to `gethrtime'
collect2: error: ld returned 1 exit status
configure:4501: $? = 1
configure: failed program was:
| /* confdefs.h */
| #define PACKAGE_NAME "SHTns"
| #define PACKAGE_TARNAME "shtns"
| #define PACKAGE_VERSION "2.6.5"
| #define PACKAGE_STRING "SHTns 2.6.5"
| #define PACKAGE_BUGREPORT ""
| #define PACKAGE_URL "https://bitbucket.org/nschaeff/shtns"
| #define STDC_HEADERS 1
| #define HAVE_SYS_TYPES_H 1
| #define HAVE_SYS_STAT_H 1
| #define HAVE_STDLIB_H 1
| #define HAVE_STRING_H 1
| #define HAVE_MEMORY_H 1
| #define HAVE_STRINGS_H 1
| #define HAVE_INTTYPES_H 1
| #define HAVE_STDINT_H 1
| #define HAVE_UNISTD_H 1
| #define HAVE_STDLIB_H 1
| #define HAVE_STDIO_H 1
| #define HAVE_STRING_H 1
| #define HAVE_MATH_H 1
| #define HAVE_COMPLEX_H 1
| #define HAVE_LIBM 1
| #define HAVE_LIBRT 1
| #define HAVE_LIBFFTW3 1
| #define HAVE_LIBFFTW3_OMP 1
| #define SHT_F77_API 1
| #define _GCC_VEC_ 1
| #define SHTNS_MEM 1
| #define SHTNS_DCT 1
| #define SHT_VERBOSE 1
| #define HAVE_FFTW_COST 1
| #define TIME_WITH_SYS_TIME 1
| #define HAVE_SYS_TIME_H 1
| /* end confdefs.h.  */
| /* Define gethrtime to an innocuous variant, in case <limits.h> declares gethrtime.
|    For example, HP-UX 11i <limits.h> declares gettimeofday.  */
| #define gethrtime innocuous_gethrtime
| 
| /* System header to define __stub macros and hopefully few prototypes,
|     which can conflict with char gethrtime (); below.
|     Prefer <limits.h> to <assert.h> if __STDC__ is defined, since
|     <limits.h> exists even on freestanding compilers.  */
| 
| #ifdef __STDC__
| # include <limits.h>
| #else
| # include <assert.h>
| #endif
| 
| #undef gethrtime
| 
| /* Override any GCC internal prototype to avoid an error.
|    Use char because int might match the return type of a GCC
|    builtin and then its argument prototype would still apply.  */
| #ifdef __cplusplus
| extern "C"
| #endif
| char gethrtime ();
| /* The GNU C library defines this for functions which it implements
|     to always fail with ENOSYS.  Some functions are actually named
|     something starting with __ and the normal name is an alias.  */
| #if defined __stub_gethrtime || defined __stub___gethrtime
| choke me
| #endif
| 
| int
| main ()
| {
| return gethrtime ();
|   ;
|   return 0;
| }
configure:4501: result: no
configure:4501: checking for read_real_time
configure:4501: gcc -march=native -o conftest -O2 -I/home/manmeet/Documents/gfstonc/lib/include -L/home/manmeet/Documents/gfstonc/lib/lib -ffast-math -fomit-frame-pointer -std=gnu99 -fopenmp -fPIC   conftest.c -lfftw3_omp -lfftw3 -lrt -lm  >&5
/tmp/ccNH4BnW.o: In function `main':
conftest.c:(.text.startup+0x7): undefined reference to `read_real_time'
collect2: error: ld returned 1 exit status
configure:4501: $? = 1
configure: failed program was:
| /* confdefs.h */
| #define PACKAGE_NAME "SHTns"
| #define PACKAGE_TARNAME "shtns"
| #define PACKAGE_VERSION "2.6.5"
| #define PACKAGE_STRING "SHTns 2.6.5"
| #define PACKAGE_BUGREPORT ""
| #define PACKAGE_URL "https://bitbucket.org/nschaeff/shtns"
| #define STDC_HEADERS 1
| #define HAVE_SYS_TYPES_H 1
| #define HAVE_SYS_STAT_H 1
| #define HAVE_STDLIB_H 1
| #define HAVE_STRING_H 1
| #define HAVE_MEMORY_H 1
| #define HAVE_STRINGS_H 1
| #define HAVE_INTTYPES_H 1
| #define HAVE_STDINT_H 1
| #define HAVE_UNISTD_H 1
| #define HAVE_STDLIB_H 1
| #define HAVE_STDIO_H 1
| #define HAVE_STRING_H 1
| #define HAVE_MATH_H 1
| #define HAVE_COMPLEX_H 1
| #define HAVE_LIBM 1
| #define HAVE_LIBRT 1
| #define HAVE_LIBFFTW3 1
| #define HAVE_LIBFFTW3_OMP 1
| #define SHT_F77_API 1
| #define _GCC_VEC_ 1
| #define SHTNS_MEM 1
| #define SHTNS_DCT 1
| #define SHT_VERBOSE 1
| #define HAVE_FFTW_COST 1
| #define TIME_WITH_SYS_TIME 1
| #define HAVE_SYS_TIME_H 1
| /* end confdefs.h.  */
| /* Define read_real_time to an innocuous variant, in case <limits.h> declares read_real_time.
|    For example, HP-UX 11i <limits.h> declares gettimeofday.  */
| #define read_real_time innocuous_read_real_time
| 
| /* System header to define __stub macros and hopefully few prototypes,
|     which can conflict with char read_real_time (); below.
|     Prefer <limits.h> to <assert.h> if __STDC__ is defined, since
|     <limits.h> exists even on freestanding compilers.  */
| 
| #ifdef __STDC__
| # include <limits.h>
| #else
| # include <assert.h>
| #endif
| 
| #undef read_real_time
| 
| /* Override any GCC internal prototype to avoid an error.
|    Use char because int might match the return type of a GCC
|    builtin and then its argument prototype would still apply.  */
| #ifdef __cplusplus
| extern "C"
| #endif
| char read_real_time ();
| /* The GNU C library defines this for functions which it implements
|     to always fail with ENOSYS.  Some functions are actually named
|     something starting with __ and the normal name is an alias.  */
| #if defined __stub_read_real_time || defined __stub___read_real_time
| choke me
| #endif
| 
| int
| main ()
| {
| return read_real_time ();
|   ;
|   return 0;
| }
configure:4501: result: no
configure:4501: checking for time_base_to_time
configure:4501: gcc -march=native -o conftest -O2 -I/home/manmeet/Documents/gfstonc/lib/include -L/home/manmeet/Documents/gfstonc/lib/lib -ffast-math -fomit-frame-pointer -std=gnu99 -fopenmp -fPIC   conftest.c -lfftw3_omp -lfftw3 -lrt -lm  >&5
/tmp/ccnjiW31.o: In function `main':
conftest.c:(.text.startup+0x7): undefined reference to `time_base_to_time'
collect2: error: ld returned 1 exit status
configure:4501: $? = 1
configure: failed program was:
| /* confdefs.h */
| #define PACKAGE_NAME "SHTns"
| #define PACKAGE_TARNAME "shtns"
| #define PACKAGE_VERSION "2.6.5"
| #define PACKAGE_STRING "SHTns 2.6.5"
| #define PACKAGE_BUGREPORT ""
| #define PACKAGE_URL "https://bitbucket.org/nschaeff/shtns"
| #define STDC_HEADERS 1
| #define HAVE_SYS_TYPES_H 1
| #define HAVE_SYS_STAT_H 1
| #define HAVE_STDLIB_H 1
| #define HAVE_STRING_H 1
| #define HAVE_MEMORY_H 1
| #define HAVE_STRINGS_H 1
| #define HAVE_INTTYPES_H 1
| #define HAVE_STDINT_H 1
| #define HAVE_UNISTD_H 1
| #define HAVE_STDLIB_H 1
| #define HAVE_STDIO_H 1
| #define HAVE_STRING_H 1
| #define HAVE_MATH_H 1
| #define HAVE_COMPLEX_H 1
| #define HAVE_LIBM 1
| #define HAVE_LIBRT 1
| #define HAVE_LIBFFTW3 1
| #define HAVE_LIBFFTW3_OMP 1
| #define SHT_F77_API 1
| #define _GCC_VEC_ 1
| #define SHTNS_MEM 1
| #define SHTNS_DCT 1
| #define SHT_VERBOSE 1
| #define HAVE_FFTW_COST 1
| #define TIME_WITH_SYS_TIME 1
| #define HAVE_SYS_TIME_H 1
| /* end confdefs.h.  */
| /* Define time_base_to_time to an innocuous variant, in case <limits.h> declares time_base_to_time.
|    For example, HP-UX 11i <limits.h> declares gettimeofday.  */
| #define time_base_to_time innocuous_time_base_to_time
| 
| /* System header to define __stub macros and hopefully few prototypes,
|     which can conflict with char time_base_to_time (); below.
|     Prefer <limits.h> to <assert.h> if __STDC__ is defined, since
|     <limits.h> exists even on freestanding compilers.  */
| 
| #ifdef __STDC__
| # include <limits.h>
| #else
| # include <assert.h>
| #endif
| 
| #undef time_base_to_time
| 
| /* Override any GCC internal prototype to avoid an error.
|    Use char because int might match the return type of a GCC
|    builtin and then its argument prototype would still apply.  */
| #ifdef __cplusplus
| extern "C"
| #endif
| char time_base_to_time ();
| /* The GNU C library defines this for functions which it implements
|     to always fail with ENOSYS.  Some functions are actually named
|     something starting with __ and the normal name is an alias.  */
| #if defined __stub_time_base_to_time || defined __stub___time_base_to_time
| choke me
| #endif
| 
| int
| main ()
| {
| return time_base_to_time ();
|   ;
|   return 0;
| }
configure:4501: result: no
configure:4501: checking for clock_gettime
configure:4501: gcc -march=native -o conftest -O2 -I/home/manmeet/Documents/gfstonc/lib/include -L/home/manmeet/Documents/gfstonc/lib/lib -ffast-math -fomit-frame-pointer -std=gnu99 -fopenmp -fPIC   conftest.c -lfftw3_omp -lfftw3 -lrt -lm  >&5
configure:4501: $? = 0
configure:4501: result: yes
configure:4501: checking for mach_absolute_time
configure:4501: gcc -march=native -o conftest -O2 -I/home/manmeet/Documents/gfstonc/lib/include -L/home/manmeet/Documents/gfstonc/lib/lib -ffast-math -fomit-frame-pointer -std=gnu99 -fopenmp -fPIC   conftest.c -lfftw3_omp -lfftw3 -lrt -lm  >&5
/tmp/cca4vgI1.o: In function `main':
conftest.c:(.text.startup+0x7): undefined reference to `mach_absolute_time'
collect2: error: ld returned 1 exit status
configure:4501: $? = 1
configure: failed program was:
| /* confdefs.h */
| #define PACKAGE_NAME "SHTns"
| #define PACKAGE_TARNAME "shtns"
| #define PACKAGE_VERSION "2.6.5"
| #define PACKAGE_STRING "SHTns 2.6.5"
| #define PACKAGE_BUGREPORT ""
| #define PACKAGE_URL "https://bitbucket.org/nschaeff/shtns"
| #define STDC_HEADERS 1
| #define HAVE_SYS_TYPES_H 1
| #define HAVE_SYS_STAT_H 1
| #define HAVE_STDLIB_H 1
| #define HAVE_STRING_H 1
| #define HAVE_MEMORY_H 1
| #define HAVE_STRINGS_H 1
| #define HAVE_INTTYPES_H 1
| #define HAVE_STDINT_H 1
| #define HAVE_UNISTD_H 1
| #define HAVE_STDLIB_H 1
| #define HAVE_STDIO_H 1
| #define HAVE_STRING_H 1
| #define HAVE_MATH_H 1
| #define HAVE_COMPLEX_H 1
| #define HAVE_LIBM 1
| #define HAVE_LIBRT 1
| #define HAVE_LIBFFTW3 1
| #define HAVE_LIBFFTW3_OMP 1
| #define SHT_F77_API 1
| #define _GCC_VEC_ 1
| #define SHTNS_MEM 1
| #define SHTNS_DCT 1
| #define SHT_VERBOSE 1
| #define HAVE_FFTW_COST 1
| #define TIME_WITH_SYS_TIME 1
| #define HAVE_SYS_TIME_H 1
| #define HAVE_CLOCK_GETTIME 1
| /* end confdefs.h.  */
| /* Define mach_absolute_time to an innocuous variant, in case <limits.h> declares mach_absolute_time.
|    For example, HP-UX 11i <limits.h> declares gettimeofday.  */
| #define mach_absolute_time innocuous_mach_absolute_time
| 
| /* System header to define __stub macros and hopefully few prototypes,
|     which can conflict with char mach_absolute_time (); below.
|     Prefer <limits.h> to <assert.h> if __STDC__ is defined, since
|     <limits.h> exists even on freestanding compilers.  */
| 
| #ifdef __STDC__
| # include <limits.h>
| #else
| # include <assert.h>
| #endif
| 
| #undef mach_absolute_time
| 
| /* Override any GCC internal prototype to avoid an error.
|    Use char because int might match the return type of a GCC
|    builtin and then its argument prototype would still apply.  */
| #ifdef __cplusplus
| extern "C"
| #endif
| char mach_absolute_time ();
| /* The GNU C library defines this for functions which it implements
|     to always fail with ENOSYS.  Some functions are actually named
|     something starting with __ and the normal name is an alias.  */
| #if defined __stub_mach_absolute_time || defined __stub___mach_absolute_time
| choke me
| #endif
| 
| int
| main ()
| {
| return mach_absolute_time ();
|   ;
|   return 0;
| }
configure:4501: result: no
configure:4511: checking for _rtc intrinsic
configure:4527: gcc -march=native -o conftest -O2 -I/home/manmeet/Documents/gfstonc/lib/include -L/home/manmeet/Documents/gfstonc/lib/lib -ffast-math -fomit-frame-pointer -std=gnu99 -fopenmp -fPIC   conftest.c -lfftw3_omp -lfftw3 -lrt -lm  >&5
conftest.c: In function 'main':
conftest.c:43:1: warning: implicit declaration of function '_rtc' [-Wimplicit-function-declaration]
 _rtc()
 ^
/tmp/ccK8leV2.o: In function `main':
conftest.c:(.text.startup+0x7): undefined reference to `_rtc'
collect2: error: ld returned 1 exit status
configure:4527: $? = 1
configure: failed program was:
| /* confdefs.h */
| #define PACKAGE_NAME "SHTns"
| #define PACKAGE_TARNAME "shtns"
| #define PACKAGE_VERSION "2.6.5"
| #define PACKAGE_STRING "SHTns 2.6.5"
| #define PACKAGE_BUGREPORT ""
| #define PACKAGE_URL "https://bitbucket.org/nschaeff/shtns"
| #define STDC_HEADERS 1
| #define HAVE_SYS_TYPES_H 1
| #define HAVE_SYS_STAT_H 1
| #define HAVE_STDLIB_H 1
| #define HAVE_STRING_H 1
| #define HAVE_MEMORY_H 1
| #define HAVE_STRINGS_H 1
| #define HAVE_INTTYPES_H 1
| #define HAVE_STDINT_H 1
| #define HAVE_UNISTD_H 1
| #define HAVE_STDLIB_H 1
| #define HAVE_STDIO_H 1
| #define HAVE_STRING_H 1
| #define HAVE_MATH_H 1
| #define HAVE_COMPLEX_H 1
| #define HAVE_LIBM 1
| #define HAVE_LIBRT 1
| #define HAVE_LIBFFTW3 1
| #define HAVE_LIBFFTW3_OMP 1
| #define SHT_F77_API 1
| #define _GCC_VEC_ 1
| #define SHTNS_MEM 1
| #define SHTNS_DCT 1
| #define SHT_VERBOSE 1
| #define HAVE_FFTW_COST 1
| #define TIME_WITH_SYS_TIME 1
| #define HAVE_SYS_TIME_H 1
| #define HAVE_CLOCK_GETTIME 1
| /* end confdefs.h.  */
| #ifdef HAVE_INTRINSICS_H
| #include <intrinsics.h>
| #endif
| int
| main ()
| {
| _rtc()
|   ;
|   return 0;
| }
configure:4536: result: no
configure:4662: creating ./config.status

## ---------------------- ##
## Running config.status. ##
## ---------------------- ##

This file was extended by SHTns config.status 2.6.5, which was
generated by GNU Autoconf 2.69.  Invocation command line was

  CONFIG_FILES    = 
  CONFIG_HEADERS  = 
  CONFIG_LINKS    = 
  CONFIG_COMMANDS = 
  $ ./config.status 

on manmeet

config.status:828: creating Makefile
config.status:828: creating setup.py
config.status:828: creating sht_config.h
config.status:998: sht_config.h is unchanged

## ---------------- ##
## Cache variables. ##
## ---------------- ##

ac_cv_c_compiler_gnu=yes
ac_cv_c_inline=inline
ac_cv_env_CC_set=
ac_cv_env_CC_value=
ac_cv_env_CFLAGS_set=
ac_cv_env_CFLAGS_value=
ac_cv_env_CPPFLAGS_set=
ac_cv_env_CPPFLAGS_value=
ac_cv_env_CPP_set=
ac_cv_env_CPP_value=
ac_cv_env_LDFLAGS_set=
ac_cv_env_LDFLAGS_value=
ac_cv_env_LIBS_set=
ac_cv_env_LIBS_value=
ac_cv_env_PYTHON_set=
ac_cv_env_PYTHON_value=
ac_cv_env_build_alias_set=
ac_cv_env_build_alias_value=
ac_cv_env_host_alias_set=
ac_cv_env_host_alias_value=
ac_cv_env_target_alias_set=
ac_cv_env_target_alias_value=
ac_cv_func_clock_gettime=yes
ac_cv_func_fftw_cost=yes
ac_cv_func_gethrtime=no
ac_cv_func_mach_absolute_time=no
ac_cv_func_read_real_time=no
ac_cv_func_time_base_to_time=no
ac_cv_header_c_asm_h=no
ac_cv_header_complex_h=yes
ac_cv_header_intrinsics_h=no
ac_cv_header_inttypes_h=yes
ac_cv_header_mach_mach_time_h=no
ac_cv_header_math_h=yes
ac_cv_header_memory_h=yes
ac_cv_header_stdc=yes
ac_cv_header_stdint_h=yes
ac_cv_header_stdio_h=yes
ac_cv_header_stdlib_h=yes
ac_cv_header_string_h=yes
ac_cv_header_strings_h=yes
ac_cv_header_sys_stat_h=yes
ac_cv_header_sys_time_h=yes
ac_cv_header_sys_types_h=yes
ac_cv_header_time=yes
ac_cv_header_unistd_h=yes
ac_cv_lib_fftw3_fftw_plan_many_dft=yes
ac_cv_lib_fftw3_omp_fftw_init_threads=yes
ac_cv_lib_m_cos=yes
ac_cv_lib_rt_clock_gettime=yes
ac_cv_objext=o
ac_cv_path_EGREP='/bin/grep -E'
ac_cv_path_GREP=/bin/grep
ac_cv_path_SED=/bin/sed
ac_cv_prog_CPP='gcc -march=native -E'
ac_cv_prog_ac_ct_CC=gcc
ac_cv_prog_c_openmp=-fopenmp
ac_cv_prog_cc_c89=
ac_cv_prog_cc_g=yes
ac_cv_type_hrtime_t=no
ac_cv_type_size_t=yes
ax_cv_check_cflags___ffast_math=yes
ax_cv_check_cflags___fomit_frame_pointer=yes
ax_cv_check_cflags___march_native=yes
ax_cv_check_cflags___std_gnu99=yes

## ----------------- ##
## Output variables. ##
## ----------------- ##

CC='gcc -march=native'
CFLAGS='-O2 -I/home/manmeet/Documents/gfstonc/lib/include -L/home/manmeet/Documents/gfstonc/lib/lib -ffast-math -fomit-frame-pointer -std=gnu99 -fopenmp -fPIC'
CPP='gcc -march=native -E'
CPPFLAGS=''
DEFS='-DHAVE_CONFIG_H'
ECHO_C=''
ECHO_N='-n'
ECHO_T=''
EGREP='/bin/grep -E'
EXEEXT=''
GREP='/bin/grep'
LDFLAGS=''
LIBOBJS=''
LIBS='-lfftw3_omp -lfftw3 -lrt -lm '
LTLIBOBJS=''
OBJEXT='o'
OPENMP_CFLAGS='-fopenmp'
PACKAGE_BUGREPORT=''
PACKAGE_NAME='SHTns'
PACKAGE_STRING='SHTns 2.6.5'
PACKAGE_TARNAME='shtns'
PACKAGE_URL='https://bitbucket.org/nschaeff/shtns'
PACKAGE_VERSION='2.6.5'
PATH_SEPARATOR=':'
PYTHON='python'
SED='/bin/sed'
SHELL='/bin/bash'
ac_ct_CC='gcc'
bindir='${exec_prefix}/bin'
build_alias=''
datadir='${datarootdir}'
datarootdir='${prefix}/share'
docdir='${datarootdir}/doc/${PACKAGE_TARNAME}'
dvidir='${docdir}'
exec_prefix='${prefix}'
host_alias=''
htmldir='${docdir}'
includedir='${prefix}/include'
infodir='${datarootdir}/info'
install='install-py'
libdir='${exec_prefix}/lib'
libexecdir='${exec_prefix}/libexec'
libname='libshtns_omp.a'
localedir='${datarootdir}/locale'
localstatedir='${prefix}/var'
mandir='${datarootdir}/man'
numpy_inc='/home/manmeet/anaconda3/envs/gfs27/lib/python2.7/site-packages/numpy/core/include'
objs='sht_fly.o sht_omp.o sht_mem.o sht_dct.o'
oldincludedir='/usr/include'
pdfdir='${docdir}'
prefix='/home/manmeet/Documents/gfstonc/lib'
program_transform_name='s,x,x,'
psdir='${docdir}'
python_inc='/home/manmeet/anaconda3/envs/gfs27/include/python2.7'
sbindir='${exec_prefix}/sbin'
sharedstatedir='${prefix}/com'
shtcc_flags='-O3'
sysconfdir='${prefix}/etc'
target='_shtns.so'
target_alias=''

## ----------- ##
## confdefs.h. ##
## ----------- ##

/* confdefs.h */
#define PACKAGE_NAME "SHTns"
#define PACKAGE_TARNAME "shtns"
#define PACKAGE_VERSION "2.6.5"
#define PACKAGE_STRING "SHTns 2.6.5"
#define PACKAGE_BUGREPORT ""
#define PACKAGE_URL "https://bitbucket.org/nschaeff/shtns"
#define STDC_HEADERS 1
#define HAVE_SYS_TYPES_H 1
#define HAVE_SYS_STAT_H 1
#define HAVE_STDLIB_H 1
#define HAVE_STRING_H 1
#define HAVE_MEMORY_H 1
#define HAVE_STRINGS_H 1
#define HAVE_INTTYPES_H 1
#define HAVE_STDINT_H 1
#define HAVE_UNISTD_H 1
#define HAVE_STDLIB_H 1
#define HAVE_STDIO_H 1
#define HAVE_STRING_H 1
#define HAVE_MATH_H 1
#define HAVE_COMPLEX_H 1
#define HAVE_LIBM 1
#define HAVE_LIBRT 1
#define HAVE_LIBFFTW3 1
#define HAVE_LIBFFTW3_OMP 1
#define SHT_F77_API 1
#define _GCC_VEC_ 1
#define SHTNS_MEM 1
#define SHTNS_DCT 1
#define SHT_VERBOSE 1
#define HAVE_FFTW_COST 1
#define TIME_WITH_SYS_TIME 1
#define HAVE_SYS_TIME_H 1
#define HAVE_CLOCK_GETTIME 1

configure: exit 0
